<?xml version="1.0" encoding="UTF-8"?>
<testng-results ignored="0" total="1" passed="1" failed="0" skipped="0">
  <reporter-output>
  </reporter-output>
  <suite started-at="2024-04-03T18:41:41 IST" name="Default suite" finished-at="2024-04-03T18:41:41 IST" duration-ms="92">
    <groups>
    </groups>
    <test started-at="2024-04-03T18:41:41 IST" name="Default test" finished-at="2024-04-03T18:41:41 IST" duration-ms="92">
      <class name="test.Construct">
        <test-method signature="c2()[pri:0, instance:test.Construct@6c1a5b54]" started-at="2024-04-03T18:41:41 IST" name="c2" finished-at="2024-04-03T18:41:41 IST" duration-ms="20" status="PASS">
          <reporter-output>
          </reporter-output>
        </test-method> <!-- c2 -->
      </class> <!-- test.Construct -->
    </test> <!-- Default test -->
  </suite> <!-- Default suite -->
</testng-results>
