<?xml version="1.0" encoding="UTF-8"?>
<!-- Generated by org.testng.reporters.JUnitXMLReporter -->
<testsuite ignored="1" hostname="LIN80020936" failures="1" tests="6" name="Test" time="0.113" errors="0" timestamp="2024-04-02T18:25:06 IST">
  <testcase classname="test.learn2" name="d1" time="0.008"/>
  <testcase classname="test.learn2" name="d2" time="0.002"/>
  <testcase classname="test.learn3" name="b2" time="0.015">
    <failure type="java.lang.AssertionError" message="expected [true] but found [false]">
      <![CDATA[java.lang.AssertionError: expected [true] but found [false]
at test.learn3.b2(learn3.java:19)
at java.base/java.util.ArrayList.forEach(ArrayList.java:1511)
... Removed 31 stack frames]]>
    </failure>
  </testcase> <!-- b2 -->
  <testcase classname="test.learn4" name="e1" time="0.002"/>
  <testcase classname="test.learn4" name="a1" time="0.002"/>
  <testcase classname="test.learn5" name="afterClas" time="0.002"/>
  <testcase classname="test.learn4" name="e2" time="0.0">
    <ignored/>
  </testcase> <!-- e2 -->
</testsuite> <!-- Test -->
